Using pre-set license
Built from '2021.3/staging' branch; Version is '2021.3.20f1 (577897200b8b) revision 5732503'; Using compiler version '192829333'; Build Type 'Release'
OS: 'Windows 10  (10.0.19045) 64bit Core' Language: 'ko' Physical Memory: 31907 MB
BatchMode: 1, IsHumanControllingUs: 0, StartBugReporterOnCrash: 0, Is64bit: 1, IsPro: 1

COMMAND LINE ARGUMENTS:
C:\Program Files\Unity\Hub\Editor\2021.3.20f1\Editor\Unity.exe
-adb2
-batchMode
-noUpm
-name
AssetImportWorker5
-projectPath
C:/Users/zoxjv/Documents/GitHub/TeamProjectGame
-logFile
Logs/AssetImportWorker5.log
-srvPort
51327
Successfully changed project path to: C:/Users/zoxjv/Documents/GitHub/TeamProjectGame
C:/Users/zoxjv/Documents/GitHub/TeamProjectGame
[UnityMemory] Configuration Parameters - Can be set up in boot.config
    "memorysetup-bucket-allocator-granularity=16"
    "memorysetup-bucket-allocator-bucket-count=8"
    "memorysetup-bucket-allocator-block-size=33554432"
    "memorysetup-bucket-allocator-block-count=8"
    "memorysetup-main-allocator-block-size=16777216"
    "memorysetup-thread-allocator-block-size=16777216"
    "memorysetup-gfx-main-allocator-block-size=16777216"
    "memorysetup-gfx-thread-allocator-block-size=16777216"
    "memorysetup-cache-allocator-block-size=4194304"
    "memorysetup-typetree-allocator-block-size=2097152"
    "memorysetup-profiler-bucket-allocator-granularity=16"
    "memorysetup-profiler-bucket-allocator-bucket-count=8"
    "memorysetup-profiler-bucket-allocator-block-size=33554432"
    "memorysetup-profiler-bucket-allocator-block-count=8"
    "memorysetup-profiler-allocator-block-size=16777216"
    "memorysetup-profiler-editor-allocator-block-size=1048576"
    "memorysetup-temp-allocator-size-main=16777216"
    "memorysetup-job-temp-allocator-block-size=2097152"
    "memorysetup-job-temp-allocator-block-size-background=1048576"
    "memorysetup-job-temp-allocator-reduction-small-platforms=262144"
    "memorysetup-temp-allocator-size-background-worker=32768"
    "memorysetup-temp-allocator-size-job-worker=262144"
    "memorysetup-temp-allocator-size-preload-manager=33554432"
    "memorysetup-temp-allocator-size-nav-mesh-worker=65536"
    "memorysetup-temp-allocator-size-audio-worker=65536"
    "memorysetup-temp-allocator-size-cloud-worker=32768"
    "memorysetup-temp-allocator-size-gi-baking-worker=262144"
    "memorysetup-temp-allocator-size-gfx=262144"
Player connection [18504] Host "[IP] 192.168.0.9 [Port] 0 [Flags] 2 [Guid] 2370766906 [EditorId] 2370766906 [Version] 1048832 [Id] WindowsEditor(7,DESKTOP-61II4S2) [Debug] 1 [PackageName] WindowsEditor [ProjectName] Editor" joined multi-casting on [225.0.0.222:54997]...

Player connection [18504] Host "[IP] 192.168.0.9 [Port] 0 [Flags] 2 [Guid] 2370766906 [EditorId] 2370766906 [Version] 1048832 [Id] WindowsEditor(7,DESKTOP-61II4S2) [Debug] 1 [PackageName] WindowsEditor [ProjectName] Editor" joined alternative multi-casting on [225.0.0.222:34997]...

Refreshing native plugins compatible for Editor in 49.75 ms, found 3 plugins.
Preloading 0 native plugins for Editor in 0.00 ms.
Initialize engine version: 2021.3.20f1 (577897200b8b)
[Subsystems] Discovering subsystems at path C:/Program Files/Unity/Hub/Editor/2021.3.20f1/Editor/Data/Resources/UnitySubsystems
[Subsystems] Discovering subsystems at path C:/Users/zoxjv/Documents/GitHub/TeamProjectGame/Assets
GfxDevice: creating device client; threaded=0; jobified=0
Direct3D:
    Version:  Direct3D 11.0 [level 11.1]
    Renderer: NVIDIA GeForce RTX 4070 Ti (ID=0x2782)
    Vendor:   NVIDIA
    VRAM:     12010 MB
    Driver:   31.0.15.3623
Initialize mono
Mono path[0] = 'C:/Program Files/Unity/Hub/Editor/2021.3.20f1/Editor/Data/Managed'
Mono path[1] = 'C:/Program Files/Unity/Hub/Editor/2021.3.20f1/Editor/Data/MonoBleedingEdge/lib/mono/unityjit-win32'
Mono config path = 'C:/Program Files/Unity/Hub/Editor/2021.3.20f1/Editor/Data/MonoBleedingEdge/etc'
Using monoOptions --debugger-agent=transport=dt_socket,embedding=1,server=y,suspend=n,address=127.0.0.1:56540
Begin MonoManager ReloadAssembly
Registering precompiled unity dll's ...
Register platform support module: C:/Program Files/Unity/Hub/Editor/2021.3.20f1/Editor/Data/PlaybackEngines/WindowsStandaloneSupport/UnityEditor.WindowsStandalone.Extensions.dll
Registered in 0.006150 seconds.
Native extension for WindowsStandalone target not found
Refreshing native plugins compatible for Editor in 48.15 ms, found 3 plugins.
Preloading 0 native plugins for Editor in 0.00 ms.
Mono: successfully reloaded assembly
- Completed reload, in  0.392 seconds
Domain Reload Profiling:
	ReloadAssembly (392ms)
		BeginReloadAssembly (65ms)
			ExecutionOrderSort (0ms)
			DisableScriptedObjects (0ms)
			BackupInstance (0ms)
			ReleaseScriptingObjects (0ms)
			CreateAndSetChildDomain (0ms)
		EndReloadAssembly (262ms)
			LoadAssemblies (62ms)
			RebuildTransferFunctionScriptingTraits (0ms)
			SetupTypeCache (61ms)
			ReleaseScriptCaches (0ms)
			RebuildScriptCaches (15ms)
			SetupLoadedEditorAssemblies (154ms)
				LogAssemblyErrors (0ms)
				InitializePlatformSupportModulesInManaged (5ms)
				SetLoadedEditorAssemblies (0ms)
				RefreshPlugins (48ms)
				BeforeProcessingInitializeOnLoad (1ms)
				ProcessInitializeOnLoadAttributes (73ms)
				ProcessInitializeOnLoadMethodAttributes (26ms)
				AfterProcessingInitializeOnLoad (0ms)
				EditorAssembliesLoaded (0ms)
			ExecutionOrderSort2 (0ms)
			AwakeInstancesAfterBackupRestoration (0ms)
Platform modules already initialized, skipping
Registering precompiled user dll's ...
Registered in 0.003897 seconds.
Begin MonoManager ReloadAssembly
Symbol file LoadedFromMemory doesn't match image C:\Users\zoxjv\Documents\GitHub\TeamProjectGame\Library\PackageCache\com.unity.visualscripting@1.8.0\Editor\VisualScripting.Core\Dependencies\YamlDotNet\Unity.VisualScripting.YamlDotNet.dll
Symbol file LoadedFromMemory doesn't match image C:\Users\zoxjv\Documents\GitHub\TeamProjectGame\Library\PackageCache\com.unity.visualscripting@1.8.0\Editor\VisualScripting.Core\Dependencies\DotNetZip\Unity.VisualScripting.IonicZip.dll
Native extension for WindowsStandalone target not found
Refreshing native plugins compatible for Editor in 0.38 ms, found 3 plugins.
Preloading 0 native plugins for Editor in 0.00 ms.
Mono: successfully reloaded assembly
- Completed reload, in  0.582 seconds
Domain Reload Profiling:
	ReloadAssembly (583ms)
		BeginReloadAssembly (90ms)
			ExecutionOrderSort (0ms)
			DisableScriptedObjects (3ms)
			BackupInstance (0ms)
			ReleaseScriptingObjects (0ms)
			CreateAndSetChildDomain (15ms)
		EndReloadAssembly (423ms)
			LoadAssemblies (71ms)
			RebuildTransferFunctionScriptingTraits (0ms)
			SetupTypeCache (124ms)
			ReleaseScriptCaches (0ms)
			RebuildScriptCaches (29ms)
			SetupLoadedEditorAssemblies (196ms)
				LogAssemblyErrors (0ms)
				InitializePlatformSupportModulesInManaged (4ms)
				SetLoadedEditorAssemblies (0ms)
				RefreshPlugins (0ms)
				BeforeProcessingInitializeOnLoad (51ms)
				ProcessInitializeOnLoadAttributes (117ms)
				ProcessInitializeOnLoadMethodAttributes (16ms)
				AfterProcessingInitializeOnLoad (8ms)
				EditorAssembliesLoaded (0ms)
			ExecutionOrderSort2 (0ms)
			AwakeInstancesAfterBackupRestoration (4ms)
Platform modules already initialized, skipping
========================================================================
Worker process is ready to serve import requests
Launched and connected shader compiler UnityShaderCompiler.exe after 0.05 seconds
Refreshing native plugins compatible for Editor in 0.79 ms, found 3 plugins.
Preloading 0 native plugins for Editor in 0.00 ms.
Unloading 3052 Unused Serialized files (Serialized files now loaded: 0)
Unloading 25 unused Assets / (56.0 KB). Loaded Objects now: 3520.
Memory consumption went from 106.9 MB to 106.9 MB.
Total: 3.293300 ms (FindLiveObjects: 0.444200 ms CreateObjectMapping: 0.073600 ms MarkObjects: 2.693600 ms  DeleteObjects: 0.080800 ms)

AssetImportParameters requested are different than current active one (requested -> active):
  custom:video-decoder-ogg-theora: a1e56fd34408186e4bbccfd4996cb3dc -> 
  custom:container-muxer-webm: aa71ff27fc2769a1b78a27578f13a17b -> 
  custom:container-demuxer-webm: 4f35f7cbe854078d1ac9338744f61a02 -> 
  custom:video-encoder-webm-vp8: eb34c28f22e8b96e1ab97ce403110664 -> 
  custom:audio-encoder-webm-vorbis: bf7c407c2cedff20999df2af8eb42d56 -> 
  custom:framework-win-MediaFoundation: 216162199b28c13a410421893ffa2e32 -> 
  custom:container-demuxer-ogg: 62fdf1f143b41e24485cea50d1cbac27 -> 
  custom:video-decoder-webm-vp8: 9c59270c3fd7afecdb556c50c9e8de78 -> 
  custom:audio-decoder-ogg-vorbis: bf7c407c2cedff20999df2af8eb42d56 -> 
========================================================================
Received Import Request.
  Time since last request: 14113.671913 seconds.
  path: Assets/SPUM/SPUM_Sprites/Items/6_Weapons/Sword_4.png
  artifactKey: Guid(f9cdd1844b02d4c81989b265d121a78a) Importer(815301076,1909f56bfc062723c751e8b465ee728b)
Start importing Assets/SPUM/SPUM_Sprites/Items/6_Weapons/Sword_4.png using Guid(f9cdd1844b02d4c81989b265d121a78a) Importer(815301076,1909f56bfc062723c751e8b465ee728b)  -> (artifact id: '36bee34896eadc46293b7c7caa3de6ef') in 0.132874 seconds 
========================================================================
Received Import Request.
  Time since last request: 0.000030 seconds.
  path: Packages/com.unity.2d.sprite/Editor/ObjectMenuCreation/DefaultAssets/Textures/Square.png
  artifactKey: Guid(48e93eef0688c4a259cb0eddcd8661f7) Importer(815301076,1909f56bfc062723c751e8b465ee728b)
Start importing Packages/com.unity.2d.sprite/Editor/ObjectMenuCreation/DefaultAssets/Textures/Square.png using Guid(48e93eef0688c4a259cb0eddcd8661f7) Importer(815301076,1909f56bfc062723c751e8b465ee728b)  -> (artifact id: '2aaff8ae836101210622164c91747f92') in 0.013816 seconds 
========================================================================
Received Import Request.
  Time since last request: 0.000028 seconds.
  path: Assets/SPUM/SPUM_Sprites/Items/6_Weapons/Ward_1.png
  artifactKey: Guid(b1c6b014ee8384bde8873e80c5b3784c) Importer(815301076,1909f56bfc062723c751e8b465ee728b)
Start importing Assets/SPUM/SPUM_Sprites/Items/6_Weapons/Ward_1.png using Guid(b1c6b014ee8384bde8873e80c5b3784c) Importer(815301076,1909f56bfc062723c751e8b465ee728b)  -> (artifact id: '64539b549428c49beb8ff4d2a61e7aec') in 0.013414 seconds 
========================================================================
Received Import Request.
  Time since last request: 0.000015 seconds.
  path: Packages/com.unity.2d.sprite/Editor/ObjectMenuCreation/DefaultAssets/Textures/SquareWithBorder.png
  artifactKey: Guid(db750325989564987a34393247d883b4) Importer(815301076,1909f56bfc062723c751e8b465ee728b)
Start importing Packages/com.unity.2d.sprite/Editor/ObjectMenuCreation/DefaultAssets/Textures/SquareWithBorder.png using Guid(db750325989564987a34393247d883b4) Importer(815301076,1909f56bfc062723c751e8b465ee728b)  -> (artifact id: '519254d8889a094dd9cfdfe2dcdb23c2') in 0.015077 seconds 
========================================================================
Received Import Request.
  Time since last request: 0.000014 seconds.
  path: Assets/SPUM/SPUM_Sprites/RideSource/Horse2/Horse2.png
  artifactKey: Guid(ff2d2d21f8592458fbda1b298579df2d) Importer(815301076,1909f56bfc062723c751e8b465ee728b)
Start importing Assets/SPUM/SPUM_Sprites/RideSource/Horse2/Horse2.png using Guid(ff2d2d21f8592458fbda1b298579df2d) Importer(815301076,1909f56bfc062723c751e8b465ee728b)  -> (artifact id: '7ede4c4a08379626a8ec1b73740016d8') in 0.027367 seconds 
========================================================================
Received Import Request.
  Time since last request: 8.203798 seconds.
  path: Assets/SPUM/SPUM_Sprites/Items/7_Back/Soon_Back1.png
  artifactKey: Guid(49e9aeb508cb1384184654a5b8b525d9) Importer(815301076,1909f56bfc062723c751e8b465ee728b)
Start importing Assets/SPUM/SPUM_Sprites/Items/7_Back/Soon_Back1.png using Guid(49e9aeb508cb1384184654a5b8b525d9) Importer(815301076,1909f56bfc062723c751e8b465ee728b)  -> (artifact id: '9b84b1252ede35bd76c3cb0d964df7b8') in 0.014904 seconds 
========================================================================
Received Import Request.
  Time since last request: 0.000015 seconds.
  path: Assets/SPUM/SPUM_Sprites/Items/6_Weapons/Soon_Spear.png
  artifactKey: Guid(8d2e32343359643008ec8b92017bbf89) Importer(815301076,1909f56bfc062723c751e8b465ee728b)
Start importing Assets/SPUM/SPUM_Sprites/Items/6_Weapons/Soon_Spear.png using Guid(8d2e32343359643008ec8b92017bbf89) Importer(815301076,1909f56bfc062723c751e8b465ee728b)  -> (artifact id: 'fddd83efa51b8dbc3e9bf997120e40a5') in 0.013075 seconds 
========================================================================
Received Import Request.
  Time since last request: 2.057815 seconds.
  path: Assets/SPUM/SPUM_Sprites/Packages/Ver300/5_Armor/New_Armor_01.png
  artifactKey: Guid(49278b333c23b464fbe87f4618639aa0) Importer(815301076,1909f56bfc062723c751e8b465ee728b)
Start importing Assets/SPUM/SPUM_Sprites/Packages/Ver300/5_Armor/New_Armor_01.png using Guid(49278b333c23b464fbe87f4618639aa0) Importer(815301076,1909f56bfc062723c751e8b465ee728b)  -> (artifact id: '8799c02f152ca0ae0d341bd120c7d1c0') in 0.020948 seconds 
========================================================================
Received Import Request.
  Time since last request: 0.017627 seconds.
  path: Assets/SPUM/SPUM_Sprites/Packages/Ver300/3_Pant/New_Pant_09.png
  artifactKey: Guid(e12314fa70008464fa8d15d08fffd50a) Importer(815301076,1909f56bfc062723c751e8b465ee728b)
Start importing Assets/SPUM/SPUM_Sprites/Packages/Ver300/3_Pant/New_Pant_09.png using Guid(e12314fa70008464fa8d15d08fffd50a) Importer(815301076,1909f56bfc062723c751e8b465ee728b)  -> (artifact id: '7100d4e2b4ac90377f94d62ccfea3111') in 0.018413 seconds 
========================================================================
Received Import Request.
  Time since last request: 0.464273 seconds.
  path: Assets/SPUM/SPUM_Sprites/Packages/Ver300/2_Cloth/New_Cloth_10.png
  artifactKey: Guid(ad98517497e964b00add5977d2257a7a) Importer(815301076,1909f56bfc062723c751e8b465ee728b)
Start importing Assets/SPUM/SPUM_Sprites/Packages/Ver300/2_Cloth/New_Cloth_10.png using Guid(ad98517497e964b00add5977d2257a7a) Importer(815301076,1909f56bfc062723c751e8b465ee728b)  -> (artifact id: '03528baa1c2f39883e93fe25dd6334ac') in 0.020443 seconds 
========================================================================
Received Import Request.
  Time since last request: 0.017968 seconds.
  path: Assets/SPUM/SPUM_Sprites/Items/3_Pant/Foot_4.png
  artifactKey: Guid(e17d600fcd74948bd8547a87f8f5839a) Importer(815301076,1909f56bfc062723c751e8b465ee728b)
Start importing Assets/SPUM/SPUM_Sprites/Items/3_Pant/Foot_4.png using Guid(e17d600fcd74948bd8547a87f8f5839a) Importer(815301076,1909f56bfc062723c751e8b465ee728b)  -> (artifact id: '6407398bfcdbea65501c302632fb9eae') in 0.020334 seconds 
========================================================================
Received Import Request.
  Time since last request: 0.800799 seconds.
  path: Assets/SPUM/SPUM_Sprites/Items/2_Cloth/Cloth_4.png
  artifactKey: Guid(da6895bd4082d441cbe5911031d0f43b) Importer(815301076,1909f56bfc062723c751e8b465ee728b)
Start importing Assets/SPUM/SPUM_Sprites/Items/2_Cloth/Cloth_4.png using Guid(da6895bd4082d441cbe5911031d0f43b) Importer(815301076,1909f56bfc062723c751e8b465ee728b)  -> (artifact id: '2dbd5a8ea7009e6387707e5b9e2e3eae') in 0.018433 seconds 
========================================================================
Received Import Request.
  Time since last request: 0.000020 seconds.
  path: Assets/SPUM/SPUM_Sprites/Items/2_Cloth/Cloth_6.png
  artifactKey: Guid(e58444fb66d4648758da6a91ccbd3fe9) Importer(815301076,1909f56bfc062723c751e8b465ee728b)
Start importing Assets/SPUM/SPUM_Sprites/Items/2_Cloth/Cloth_6.png using Guid(e58444fb66d4648758da6a91ccbd3fe9) Importer(815301076,1909f56bfc062723c751e8b465ee728b)  -> (artifact id: '30d26fe10d2e4479085690531b5dadda') in 0.016219 seconds 
========================================================================
Received Import Request.
  Time since last request: 0.023380 seconds.
  path: Assets/Free Pixel Art Forest/You may also like/Pixel Art Snowy Forest.png
  artifactKey: Guid(5a4c8d3218ab79b409d9aef43f4992b7) Importer(815301076,1909f56bfc062723c751e8b465ee728b)
Start importing Assets/Free Pixel Art Forest/You may also like/Pixel Art Snowy Forest.png using Guid(5a4c8d3218ab79b409d9aef43f4992b7) Importer(815301076,1909f56bfc062723c751e8b465ee728b)  -> (artifact id: '99a56c59e4cf81ac59b987553c517715') in 0.205857 seconds 
========================================================================
Received Import Request.
  Time since last request: 0.253697 seconds.
  path: Assets/SPUM/SPUM_Sprites/Packages/Ver121/4_Helmet/Normal_Helmet1.png
  artifactKey: Guid(71c3509a7d03cd04ab79608bc4787d09) Importer(815301076,1909f56bfc062723c751e8b465ee728b)
Start importing Assets/SPUM/SPUM_Sprites/Packages/Ver121/4_Helmet/Normal_Helmet1.png using Guid(71c3509a7d03cd04ab79608bc4787d09) Importer(815301076,1909f56bfc062723c751e8b465ee728b)  -> (artifact id: '7239e2b7b1359b4455432f019078e01a') in 0.019494 seconds 
========================================================================
Received Import Request.
  Time since last request: 0.027496 seconds.
  path: Assets/SPUM/SPUM_Sprites/Packages/Ver121/0_Hair/Normal_Hair3.png
  artifactKey: Guid(f0751717167b55a43847e8904c89bf3a) Importer(815301076,1909f56bfc062723c751e8b465ee728b)
Start importing Assets/SPUM/SPUM_Sprites/Packages/Ver121/0_Hair/Normal_Hair3.png using Guid(f0751717167b55a43847e8904c89bf3a) Importer(815301076,1909f56bfc062723c751e8b465ee728b)  -> (artifact id: 'c381f8ef1e40a3aa9441f4825706d9ec') in 0.015661 seconds 
========================================================================
Received Import Request.
  Time since last request: 0.017631 seconds.
  path: Assets/SPUM/SPUM_Sprites/Packages/Ver300/6_Weapons/New_Weapon_11.png
  artifactKey: Guid(83ce399493f9f4771b62359dc94f5010) Importer(815301076,1909f56bfc062723c751e8b465ee728b)
Start importing Assets/SPUM/SPUM_Sprites/Packages/Ver300/6_Weapons/New_Weapon_11.png using Guid(83ce399493f9f4771b62359dc94f5010) Importer(815301076,1909f56bfc062723c751e8b465ee728b)  -> (artifact id: 'e161d8ced8c033c796476edeb5847d3e') in 0.015866 seconds 
========================================================================
Received Import Request.
  Time since last request: 0.000012 seconds.
  path: Assets/SPUM/SPUM_Sprites/Packages/Ver300/6_Weapons/New_Weapon_17.png
  artifactKey: Guid(69a11d8cb1f7e46718b2f15d0878ae0e) Importer(815301076,1909f56bfc062723c751e8b465ee728b)
Start importing Assets/SPUM/SPUM_Sprites/Packages/Ver300/6_Weapons/New_Weapon_17.png using Guid(69a11d8cb1f7e46718b2f15d0878ae0e) Importer(815301076,1909f56bfc062723c751e8b465ee728b)  -> (artifact id: 'a966fe6ccf2700fb90de02e6c37b980e') in 0.012706 seconds 
========================================================================
Received Import Request.
  Time since last request: 1.117534 seconds.
  path: Assets/SPUM/SPUM_Sprites/Packages/Ver300/6_Weapons/New_Weapon_01.png
  artifactKey: Guid(920510d3994f1469f8f88fd76b9f7277) Importer(815301076,1909f56bfc062723c751e8b465ee728b)
Start importing Assets/SPUM/SPUM_Sprites/Packages/Ver300/6_Weapons/New_Weapon_01.png using Guid(920510d3994f1469f8f88fd76b9f7277) Importer(815301076,1909f56bfc062723c751e8b465ee728b)  -> (artifact id: '27c44f0f00d865b31099b233ff690eda') in 0.015413 seconds 
========================================================================
Received Import Request.
  Time since last request: 0.858007 seconds.
  path: Assets/SPUM/SPUM_Sprites/Packages/Ver300/4_Helmet/New_Helmet_04.png
  artifactKey: Guid(ea5c4fc418c71491eb063b759868a2a1) Importer(815301076,1909f56bfc062723c751e8b465ee728b)
Start importing Assets/SPUM/SPUM_Sprites/Packages/Ver300/4_Helmet/New_Helmet_04.png using Guid(ea5c4fc418c71491eb063b759868a2a1) Importer(815301076,1909f56bfc062723c751e8b465ee728b)  -> (artifact id: 'a27669bbfb428baf15ccf3afc0ad7f79') in 0.014539 seconds 
========================================================================
Received Import Request.
  Time since last request: 0.000013 seconds.
  path: Assets/SPUM/SPUM_Sprites/Packages/Ver300/4_Helmet/New_Helmet_08.png
  artifactKey: Guid(9bad6bc83651a47fd87cadff0d08bdc8) Importer(815301076,1909f56bfc062723c751e8b465ee728b)
Start importing Assets/SPUM/SPUM_Sprites/Packages/Ver300/4_Helmet/New_Helmet_08.png using Guid(9bad6bc83651a47fd87cadff0d08bdc8) Importer(815301076,1909f56bfc062723c751e8b465ee728b)  -> (artifact id: '6ce1edb6b0772e9ba1a8bd4f516d6c20') in 0.015887 seconds 
========================================================================
Received Import Request.
  Time since last request: 3.351367 seconds.
  path: Assets/SPUM/SPUM_Sprites/Packages/Ver300/0_Hair/New_Hair_13.png
  artifactKey: Guid(d44027b40417a4fd88ee6ebc5e7b3ba5) Importer(815301076,1909f56bfc062723c751e8b465ee728b)
Start importing Assets/SPUM/SPUM_Sprites/Packages/Ver300/0_Hair/New_Hair_13.png using Guid(d44027b40417a4fd88ee6ebc5e7b3ba5) Importer(815301076,1909f56bfc062723c751e8b465ee728b)  -> (artifact id: '0c372f2a755ff78d8709a6941ce10503') in 0.016681 seconds 
========================================================================
Received Import Request.
  Time since last request: 0.000014 seconds.
  path: Assets/SPUM/SPUM_Sprites/Packages/Ver300/0_Hair/New_Hair_16.png
  artifactKey: Guid(a0738f9b6fc444146ae1b68541e000f5) Importer(815301076,1909f56bfc062723c751e8b465ee728b)
Start importing Assets/SPUM/SPUM_Sprites/Packages/Ver300/0_Hair/New_Hair_16.png using Guid(a0738f9b6fc444146ae1b68541e000f5) Importer(815301076,1909f56bfc062723c751e8b465ee728b)  -> (artifact id: '29777ad35c14af00bf330e19cbeff2b3') in 0.014835 seconds 
========================================================================
Received Import Request.
  Time since last request: 4.138426 seconds.
  path: Assets/SPUM/SPUM_Sprites/Packages/Ver300/0_Hair/New_Hair_04.png
  artifactKey: Guid(555fa4a87b6b8459ba08a841fb8e1f4b) Importer(815301076,1909f56bfc062723c751e8b465ee728b)
Start importing Assets/SPUM/SPUM_Sprites/Packages/Ver300/0_Hair/New_Hair_04.png using Guid(555fa4a87b6b8459ba08a841fb8e1f4b) Importer(815301076,1909f56bfc062723c751e8b465ee728b)  -> (artifact id: '670d0c74cf51aa97bd8c679363606af0') in 0.018623 seconds 
========================================================================
Received Import Request.
  Time since last request: 0.000014 seconds.
  path: Assets/SPUM/SPUM_Sprites/Packages/Ver300/0_Hair/New_Hair_05.png
  artifactKey: Guid(3c914e501961d4d2b9adf2dcc2d8ff8e) Importer(815301076,1909f56bfc062723c751e8b465ee728b)
Start importing Assets/SPUM/SPUM_Sprites/Packages/Ver300/0_Hair/New_Hair_05.png using Guid(3c914e501961d4d2b9adf2dcc2d8ff8e) Importer(815301076,1909f56bfc062723c751e8b465ee728b)  -> (artifact id: '1b4ad2bc64736c0c1ffd8f3e281afa9f') in 0.035035 seconds 
========================================================================
Received Import Request.
  Time since last request: 3.071572 seconds.
  path: Packages/com.unity.collab-proxy/Editor/PlasticSCM/Assets/Images/iconrepository.png
  artifactKey: Guid(ed64f3a17f2ede646be21ed6edc9161a) Importer(815301076,1909f56bfc062723c751e8b465ee728b)
Start importing Packages/com.unity.collab-proxy/Editor/PlasticSCM/Assets/Images/iconrepository.png using Guid(ed64f3a17f2ede646be21ed6edc9161a) Importer(815301076,1909f56bfc062723c751e8b465ee728b)  -> (artifact id: 'd5d15982868e80b981e9581b158fed85') in 0.013758 seconds 
========================================================================
Received Import Request.
  Time since last request: 0.000016 seconds.
  path: Packages/com.unity.collab-proxy/Editor/PlasticSCM/Assets/Images/iconoutofsync.png
  artifactKey: Guid(636d03a8834e3ed4cac3a1cb4b82deaf) Importer(815301076,1909f56bfc062723c751e8b465ee728b)
Start importing Packages/com.unity.collab-proxy/Editor/PlasticSCM/Assets/Images/iconoutofsync.png using Guid(636d03a8834e3ed4cac3a1cb4b82deaf) Importer(815301076,1909f56bfc062723c751e8b465ee728b)  -> (artifact id: '2b1675f8731f2a588a3bd413cfe0cb40') in 0.013546 seconds 
========================================================================
Received Import Request.
  Time since last request: 0.000014 seconds.
  path: Packages/com.unity.collab-proxy/Editor/PlasticSCM/Assets/Images/iconoutofsyncoverlay@2x.png
  artifactKey: Guid(3728580c149181a44b359e89f6edacae) Importer(815301076,1909f56bfc062723c751e8b465ee728b)
Start importing Packages/com.unity.collab-proxy/Editor/PlasticSCM/Assets/Images/iconoutofsyncoverlay@2x.png using Guid(3728580c149181a44b359e89f6edacae) Importer(815301076,1909f56bfc062723c751e8b465ee728b)  -> (artifact id: '2bbed9fc054ca77d7e7bfe89538ebf8a') in 0.014054 seconds 
========================================================================
Received Import Request.
  Time since last request: 0.876519 seconds.
  path: Packages/com.unity.collab-proxy/Editor/PlasticSCM/Assets/Images/icondeletedlocaloverlay@2x.png
  artifactKey: Guid(a3e491f99ea3ad74f8731ca93e84c497) Importer(815301076,1909f56bfc062723c751e8b465ee728b)
Start importing Packages/com.unity.collab-proxy/Editor/PlasticSCM/Assets/Images/icondeletedlocaloverlay@2x.png using Guid(a3e491f99ea3ad74f8731ca93e84c497) Importer(815301076,1909f56bfc062723c751e8b465ee728b)  -> (artifact id: '60230473c3fd075eeadf09e31b32d52f') in 0.016696 seconds 
========================================================================
Received Import Request.
  Time since last request: 0.000014 seconds.
  path: Packages/com.unity.collab-proxy/Editor/PlasticSCM/Assets/Images/icondeletedremote.png
  artifactKey: Guid(b85a4b2ec6433d04895612d791edc260) Importer(815301076,1909f56bfc062723c751e8b465ee728b)
Start importing Packages/com.unity.collab-proxy/Editor/PlasticSCM/Assets/Images/icondeletedremote.png using Guid(b85a4b2ec6433d04895612d791edc260) Importer(815301076,1909f56bfc062723c751e8b465ee728b)  -> (artifact id: '739ac2548aae9a3c2c4cda5c85e61215') in 0.014547 seconds 
========================================================================
Received Import Request.
  Time since last request: 0.928560 seconds.
  path: Packages/com.unity.collab-proxy/Editor/PlasticSCM/Assets/Images/iconcheckedoutlocaloverlay@2x.png
  artifactKey: Guid(3999034958d54364da380a8839a11050) Importer(815301076,1909f56bfc062723c751e8b465ee728b)
Start importing Packages/com.unity.collab-proxy/Editor/PlasticSCM/Assets/Images/iconcheckedoutlocaloverlay@2x.png using Guid(3999034958d54364da380a8839a11050) Importer(815301076,1909f56bfc062723c751e8b465ee728b)  -> (artifact id: '57aca0f9c4989c749dffab5c44ceab7c') in 0.014279 seconds 
========================================================================
Received Import Request.
  Time since last request: 0.096132 seconds.
  path: Packages/com.unity.2d.sprite/Editor/ObjectMenuCreation/DefaultAssets/Textures/v2/HexagonFlatTop.png
  artifactKey: Guid(b670ab75dde984907b8570040daa08c5) Importer(815301076,1909f56bfc062723c751e8b465ee728b)
Start importing Packages/com.unity.2d.sprite/Editor/ObjectMenuCreation/DefaultAssets/Textures/v2/HexagonFlatTop.png using Guid(b670ab75dde984907b8570040daa08c5) Importer(815301076,1909f56bfc062723c751e8b465ee728b)  -> (artifact id: '35dea424016fc0d08229d99bfeb03db9') in 0.016208 seconds 
========================================================================
Received Import Request.
  Time since last request: 1.172757 seconds.
  path: Assets/SPUM/SPUM_Sprites/BodySource/Species/4_Orc/Orc_3.png
  artifactKey: Guid(c6a5efa382266954e847098019d55dc9) Importer(815301076,1909f56bfc062723c751e8b465ee728b)
Start importing Assets/SPUM/SPUM_Sprites/BodySource/Species/4_Orc/Orc_3.png using Guid(c6a5efa382266954e847098019d55dc9) Importer(815301076,1909f56bfc062723c751e8b465ee728b)  -> (artifact id: '696b7ccf30753e41792f1851490f4b40') in 0.019198 seconds 
========================================================================
Received Import Request.
  Time since last request: 0.468857 seconds.
  path: Assets/SPUM/SPUM_Sprites/Items/0_Hair/Hair_6.png
  artifactKey: Guid(f63083452d68c460db811918d4f6f323) Importer(815301076,1909f56bfc062723c751e8b465ee728b)
Start importing Assets/SPUM/SPUM_Sprites/Items/0_Hair/Hair_6.png using Guid(f63083452d68c460db811918d4f6f323) Importer(815301076,1909f56bfc062723c751e8b465ee728b)  -> (artifact id: '8904be268cff168d5a5e49899501fb64') in 0.015865 seconds 
========================================================================
Received Import Request.
  Time since last request: 0.000013 seconds.
  path: Packages/com.unity.2d.tilemap/Editor/Icons/Grid.FlipX.png
  artifactKey: Guid(e883969672bd261498f38ec9e9fc393f) Importer(815301076,1909f56bfc062723c751e8b465ee728b)
Start importing Packages/com.unity.2d.tilemap/Editor/Icons/Grid.FlipX.png using Guid(e883969672bd261498f38ec9e9fc393f) Importer(815301076,1909f56bfc062723c751e8b465ee728b)  -> (artifact id: '59bb8b1204d3a3dec8af703f792dfcc5') in 0.014308 seconds 
========================================================================
Received Import Request.
  Time since last request: 0.000014 seconds.
  path: Assets/SPUM/SPUM_Sprites/Items/0_Hair/Hair_9.png
  artifactKey: Guid(2e66bc6c623514a2b954b63b58c44e2f) Importer(815301076,1909f56bfc062723c751e8b465ee728b)
Start importing Assets/SPUM/SPUM_Sprites/Items/0_Hair/Hair_9.png using Guid(2e66bc6c623514a2b954b63b58c44e2f) Importer(815301076,1909f56bfc062723c751e8b465ee728b)  -> (artifact id: 'adff46ac81ebe49d67c8c0c4faaea01e') in 0.014292 seconds 
========================================================================
Received Import Request.
  Time since last request: 0.000502 seconds.
  path: Assets/SPUM/SPUM_Sprites/BodySource/Species/1_Elf/Eye/Eye8.png
  artifactKey: Guid(0e2d39890931c4e2f991d0e939c2bf56) Importer(815301076,1909f56bfc062723c751e8b465ee728b)
Start importing Assets/SPUM/SPUM_Sprites/BodySource/Species/1_Elf/Eye/Eye8.png using Guid(0e2d39890931c4e2f991d0e939c2bf56) Importer(815301076,1909f56bfc062723c751e8b465ee728b)  -> (artifact id: 'b46f9ddbd78945bb85aa4ca9a82374c4') in 0.014218 seconds 
========================================================================
Received Import Request.
  Time since last request: 0.000014 seconds.
  path: Assets/SPUM/SPUM_Sprites/BodySource/Species/2_Devil/Eye/Eye0.png
  artifactKey: Guid(ecc7d04439c9c47829963d8f47c92945) Importer(815301076,1909f56bfc062723c751e8b465ee728b)
Start importing Assets/SPUM/SPUM_Sprites/BodySource/Species/2_Devil/Eye/Eye0.png using Guid(ecc7d04439c9c47829963d8f47c92945) Importer(815301076,1909f56bfc062723c751e8b465ee728b)  -> (artifact id: '552bbd352b255feeb41287f18a95d677') in 0.014370 seconds 
========================================================================
Received Import Request.
  Time since last request: 0.012753 seconds.
  path: Assets/SPUM/SPUM_Sprites/BodySource/Species/0_Human/Eye/Eye16.png
  artifactKey: Guid(e0c299db1654542d0a284e53abe2746e) Importer(815301076,1909f56bfc062723c751e8b465ee728b)
Start importing Assets/SPUM/SPUM_Sprites/BodySource/Species/0_Human/Eye/Eye16.png using Guid(e0c299db1654542d0a284e53abe2746e) Importer(815301076,1909f56bfc062723c751e8b465ee728b)  -> (artifact id: '176450cc971aec5173a6856d0bf43aef') in 0.011444 seconds 
========================================================================
Received Import Request.
  Time since last request: 0.000014 seconds.
  path: Assets/SPUM/SPUM_Sprites/BodySource/Species/1_Elf/Eye/Eye7.png
  artifactKey: Guid(0e5e1ddda5fa541f191bc88c0258881f) Importer(815301076,1909f56bfc062723c751e8b465ee728b)
Start importing Assets/SPUM/SPUM_Sprites/BodySource/Species/1_Elf/Eye/Eye7.png using Guid(0e5e1ddda5fa541f191bc88c0258881f) Importer(815301076,1909f56bfc062723c751e8b465ee728b)  -> (artifact id: '8850f6f83a5814a7eecedc81c96137c0') in 0.011701 seconds 
========================================================================
Received Import Request.
  Time since last request: 0.299649 seconds.
  path: Assets/SPUM/SPUM_Sprites/BodySource/Species/2_Devil/Eye/Eye11.png
  artifactKey: Guid(3df8fa4d169ee4acfadeac30f7b761de) Importer(815301076,1909f56bfc062723c751e8b465ee728b)
Start importing Assets/SPUM/SPUM_Sprites/BodySource/Species/2_Devil/Eye/Eye11.png using Guid(3df8fa4d169ee4acfadeac30f7b761de) Importer(815301076,1909f56bfc062723c751e8b465ee728b)  -> (artifact id: '800cae3fb83b507ef99bef37a554eb31') in 0.008600 seconds 
========================================================================
Received Import Request.
  Time since last request: 0.000018 seconds.
  path: Assets/SPUM/SPUM_Sprites/BodySource/Species/0_Human/Eye/Eye0.png
  artifactKey: Guid(e2579aadb18ab4cf1b2461fb9e0f0cdf) Importer(815301076,1909f56bfc062723c751e8b465ee728b)
Start importing Assets/SPUM/SPUM_Sprites/BodySource/Species/0_Human/Eye/Eye0.png using Guid(e2579aadb18ab4cf1b2461fb9e0f0cdf) Importer(815301076,1909f56bfc062723c751e8b465ee728b)  -> (artifact id: '85f415e8be3121218fea612b5f4bbe8c') in 0.007156 seconds 
========================================================================
Received Import Request.
  Time since last request: 0.022373 seconds.
  path: Assets/SPUM/SPUM_Sprites/BodySource/Species/2_Devil/Eye/Eye9.png
  artifactKey: Guid(83521d388822b41b5bf43ee5f72d4c0c) Importer(815301076,1909f56bfc062723c751e8b465ee728b)
Start importing Assets/SPUM/SPUM_Sprites/BodySource/Species/2_Devil/Eye/Eye9.png using Guid(83521d388822b41b5bf43ee5f72d4c0c) Importer(815301076,1909f56bfc062723c751e8b465ee728b)  -> (artifact id: '8bf40995c263d3f0e0f7a2a8dc4cfeec') in 0.008507 seconds 
========================================================================
Received Import Request.
  Time since last request: 0.000016 seconds.
  path: Assets/SPUM/SPUM_Sprites/BodySource/Species/3_Skelton/Eye/Eye0.png
  artifactKey: Guid(5f9f25273c88c47b18ed01eb8f1140b9) Importer(815301076,1909f56bfc062723c751e8b465ee728b)
Start importing Assets/SPUM/SPUM_Sprites/BodySource/Species/3_Skelton/Eye/Eye0.png using Guid(5f9f25273c88c47b18ed01eb8f1140b9) Importer(815301076,1909f56bfc062723c751e8b465ee728b)  -> (artifact id: '0c6fe22fefc166c13aead2f22f6e509b') in 0.011207 seconds 
========================================================================
Received Import Request.
  Time since last request: 0.730351 seconds.
  path: Assets/SPUM/SPUM_Sprites/Items/1_FaceHair/FaceHair_1.png
  artifactKey: Guid(c881fe1f539449842b243ff9a21298eb) Importer(815301076,1909f56bfc062723c751e8b465ee728b)
Start importing Assets/SPUM/SPUM_Sprites/Items/1_FaceHair/FaceHair_1.png using Guid(c881fe1f539449842b243ff9a21298eb) Importer(815301076,1909f56bfc062723c751e8b465ee728b)  -> (artifact id: 'c0d7e44f088b3fa93819a8d47707f70f') in 0.013665 seconds 
========================================================================
Received Import Request.
  Time since last request: 0.000014 seconds.
  path: Assets/SPUM/SPUM_Sprites/Items/1_FaceHair/FaceHair_3.png
  artifactKey: Guid(37f88f4c290f444ff8434e7b094bee9e) Importer(815301076,1909f56bfc062723c751e8b465ee728b)
Start importing Assets/SPUM/SPUM_Sprites/Items/1_FaceHair/FaceHair_3.png using Guid(37f88f4c290f444ff8434e7b094bee9e) Importer(815301076,1909f56bfc062723c751e8b465ee728b)  -> (artifact id: 'b56aab9dadc56eb38092c84cc8c261cd') in 0.012094 seconds 
========================================================================
Received Import Request.
  Time since last request: 0.043531 seconds.
  path: Packages/com.unity.collab-proxy/Editor/PlasticSCM/Assets/Images/d_step3@2x.png
  artifactKey: Guid(c9ed6d6ea2f9657409bfa068d4846139) Importer(815301076,1909f56bfc062723c751e8b465ee728b)
Start importing Packages/com.unity.collab-proxy/Editor/PlasticSCM/Assets/Images/d_step3@2x.png using Guid(c9ed6d6ea2f9657409bfa068d4846139) Importer(815301076,1909f56bfc062723c751e8b465ee728b)  -> (artifact id: 'd5c0c2a3aa1fe0d81a802b6dda55f9e8') in 0.014499 seconds 
========================================================================
Received Import Request.
  Time since last request: 0.602100 seconds.
  path: Packages/com.unity.collab-proxy/Editor/PlasticSCM/Assets/Images/d_loading@2x.png
  artifactKey: Guid(7ee48c5fba4919649a8a6094cbead669) Importer(815301076,1909f56bfc062723c751e8b465ee728b)
Start importing Packages/com.unity.collab-proxy/Editor/PlasticSCM/Assets/Images/d_loading@2x.png using Guid(7ee48c5fba4919649a8a6094cbead669) Importer(815301076,1909f56bfc062723c751e8b465ee728b)  -> (artifact id: '61acc2b36da64399dfab91a120216fe3') in 0.019566 seconds 
========================================================================
Received Import Request.
  Time since last request: 0.078855 seconds.
  path: Packages/com.unity.collab-proxy/Editor/PlasticSCM/Assets/Images/d_iconplasticnotifyincoming.png
  artifactKey: Guid(f31d2c855644aad4cb2030bce12859f6) Importer(815301076,1909f56bfc062723c751e8b465ee728b)
Start importing Packages/com.unity.collab-proxy/Editor/PlasticSCM/Assets/Images/d_iconplasticnotifyincoming.png using Guid(f31d2c855644aad4cb2030bce12859f6) Importer(815301076,1909f56bfc062723c751e8b465ee728b)  -> (artifact id: 'd3854624fcf129071f6199d2239f1b51') in 0.017332 seconds 
========================================================================
Received Import Request.
  Time since last request: 0.000014 seconds.
  path: Packages/com.unity.collab-proxy/Editor/PlasticSCM/Assets/Images/d_iconprivateoverlay@2x.png
  artifactKey: Guid(7f854f490da24e54f9e8383e446b5d81) Importer(815301076,1909f56bfc062723c751e8b465ee728b)
Start importing Packages/com.unity.collab-proxy/Editor/PlasticSCM/Assets/Images/d_iconprivateoverlay@2x.png using Guid(7f854f490da24e54f9e8383e446b5d81) Importer(815301076,1909f56bfc062723c751e8b465ee728b)  -> (artifact id: 'bc46eca383d3ea920ddd6edf1c2b112e') in 0.028971 seconds 
========================================================================
Received Import Request.
  Time since last request: 0.276857 seconds.
  path: Packages/com.unity.collab-proxy/Editor/PlasticSCM/Assets/Images/d_iconemptygravatar@2x.png
  artifactKey: Guid(0ac55f9f886d827408c102bdf33c5ff7) Importer(815301076,1909f56bfc062723c751e8b465ee728b)
Start importing Packages/com.unity.collab-proxy/Editor/PlasticSCM/Assets/Images/d_iconemptygravatar@2x.png using Guid(0ac55f9f886d827408c102bdf33c5ff7) Importer(815301076,1909f56bfc062723c751e8b465ee728b)  -> (artifact id: '870582afbaa7a037f558ccd69f85ec55') in 0.019172 seconds 
========================================================================
Received Import Request.
  Time since last request: 0.000013 seconds.
  path: Packages/com.unity.collab-proxy/Editor/PlasticSCM/Assets/Images/d_iconconflicted.png
  artifactKey: Guid(881798b77426a8f47b533dcc4767e9e5) Importer(815301076,1909f56bfc062723c751e8b465ee728b)
Start importing Packages/com.unity.collab-proxy/Editor/PlasticSCM/Assets/Images/d_iconconflicted.png using Guid(881798b77426a8f47b533dcc4767e9e5) Importer(815301076,1909f56bfc062723c751e8b465ee728b)  -> (artifact id: 'e815db3ed440103f3917717743e3f987') in 0.018155 seconds 
========================================================================
Received Import Request.
  Time since last request: 0.000010 seconds.
  path: Packages/com.unity.collab-proxy/Editor/PlasticSCM/Assets/Images/d_iconconflictresolvedoverlay.png
  artifactKey: Guid(056ee72c467a4e24d87541d42839ca72) Importer(815301076,1909f56bfc062723c751e8b465ee728b)
Start importing Packages/com.unity.collab-proxy/Editor/PlasticSCM/Assets/Images/d_iconconflictresolvedoverlay.png using Guid(056ee72c467a4e24d87541d42839ca72) Importer(815301076,1909f56bfc062723c751e8b465ee728b)  -> (artifact id: '2c2a7a3f0a63d7411ec9368f3cddcddd') in 0.016193 seconds 
========================================================================
Received Import Request.
  Time since last request: 0.000014 seconds.
  path: Packages/com.unity.collab-proxy/Editor/PlasticSCM/Assets/Images/d_iconcheckedoutlocaloverlay@2x.png
  artifactKey: Guid(8d98ab6168c3e91439339f1908b8fe97) Importer(815301076,1909f56bfc062723c751e8b465ee728b)
Start importing Packages/com.unity.collab-proxy/Editor/PlasticSCM/Assets/Images/d_iconcheckedoutlocaloverlay@2x.png using Guid(8d98ab6168c3e91439339f1908b8fe97) Importer(815301076,1909f56bfc062723c751e8b465ee728b)  -> (artifact id: '765c6696a50816f0377ac669dcdf7175') in 0.048063 seconds 
========================================================================
Received Import Request.
  Time since last request: 0.000013 seconds.
  path: Packages/com.unity.collab-proxy/Editor/PlasticSCM/Assets/Images/d_iconconflictedoverlay.png
  artifactKey: Guid(a892bcc7ae1871447926b3c44d158763) Importer(815301076,1909f56bfc062723c751e8b465ee728b)
Start importing Packages/com.unity.collab-proxy/Editor/PlasticSCM/Assets/Images/d_iconconflictedoverlay.png using Guid(a892bcc7ae1871447926b3c44d158763) Importer(815301076,1909f56bfc062723c751e8b465ee728b)  -> (artifact id: 'bfd3148f7834d4bef9a9ddb597adadbc') in 0.012788 seconds 
========================================================================
Received Import Request.
  Time since last request: 0.000013 seconds.
  path: Packages/com.unity.collab-proxy/Editor/PlasticSCM/Assets/Images/d_iconconflictedoverlay@2x.png
  artifactKey: Guid(a3ced8f7044b9de4787602a9e9b20ea7) Importer(815301076,1909f56bfc062723c751e8b465ee728b)
Start importing Packages/com.unity.collab-proxy/Editor/PlasticSCM/Assets/Images/d_iconconflictedoverlay@2x.png using Guid(a3ced8f7044b9de4787602a9e9b20ea7) Importer(815301076,1909f56bfc062723c751e8b465ee728b)  -> (artifact id: 'db29a35e61a197e52f803955ae34ef78') in 0.012354 seconds 
========================================================================
Received Import Request.
  Time since last request: 0.652011 seconds.
  path: Packages/com.unity.2d.tilemap/Editor/Icons/d_Grid.FlipX.png
  artifactKey: Guid(238833eb2176e7d429d5020dc9232155) Importer(815301076,1909f56bfc062723c751e8b465ee728b)
Start importing Packages/com.unity.2d.tilemap/Editor/Icons/d_Grid.FlipX.png using Guid(238833eb2176e7d429d5020dc9232155) Importer(815301076,1909f56bfc062723c751e8b465ee728b)  -> (artifact id: 'f5b3c90088833ffad8dfcfbd6d148ac2') in 0.015466 seconds 
========================================================================
Received Import Request.
  Time since last request: 0.000013 seconds.
  path: Packages/com.unity.2d.tilemap/Editor/Icons/d_Grid.FlipX@2x.png
  artifactKey: Guid(1f26945e970839e41ba35badd04237ef) Importer(815301076,1909f56bfc062723c751e8b465ee728b)
Start importing Packages/com.unity.2d.tilemap/Editor/Icons/d_Grid.FlipX@2x.png using Guid(1f26945e970839e41ba35badd04237ef) Importer(815301076,1909f56bfc062723c751e8b465ee728b)  -> (artifact id: '2d10dc155668d435e269c941095c13de') in 0.012357 seconds 
========================================================================
Received Import Request.
  Time since last request: 0.004249 seconds.
  path: Packages/com.unity.2d.sprite/Editor/ObjectMenuCreation/DefaultAssets/Textures/Capsule.png
  artifactKey: Guid(bd3cb4af8406d4436a2ae8c2aafe1f8d) Importer(815301076,1909f56bfc062723c751e8b465ee728b)
Start importing Packages/com.unity.2d.sprite/Editor/ObjectMenuCreation/DefaultAssets/Textures/Capsule.png using Guid(bd3cb4af8406d4436a2ae8c2aafe1f8d) Importer(815301076,1909f56bfc062723c751e8b465ee728b)  -> (artifact id: '45d3b65a948b2cb79b5444f0e96dfcba') in 0.020367 seconds 
========================================================================
Received Import Request.
  Time since last request: 0.000016 seconds.
  path: Assets/SPUM/SPUM_Sprites/Items/7_Back/BowBack_1.png
  artifactKey: Guid(81a931fa55f8a5541bf6d1f957a38926) Importer(815301076,1909f56bfc062723c751e8b465ee728b)
Start importing Assets/SPUM/SPUM_Sprites/Items/7_Back/BowBack_1.png using Guid(81a931fa55f8a5541bf6d1f957a38926) Importer(815301076,1909f56bfc062723c751e8b465ee728b)  -> (artifact id: '06d7983473e28acefcd5395a9aaefd6e') in 0.012690 seconds 
========================================================================
Received Import Request.
  Time since last request: 0.787455 seconds.
  path: Assets/Free Pixel Art Forest/PSD/Background.psd
  artifactKey: Guid(5a9c3a6930689e64f8a0e61ea1a0cf8b) Importer(815301076,1909f56bfc062723c751e8b465ee728b)
Start importing Assets/Free Pixel Art Forest/PSD/Background.psd using Guid(5a9c3a6930689e64f8a0e61ea1a0cf8b) Importer(815301076,1909f56bfc062723c751e8b465ee728b)  -> (artifact id: 'bd1e3e6648198dbecb4999ef6fc34d79') in 0.041662 seconds 
========================================================================
Received Import Request.
  Time since last request: 0.392055 seconds.
  path: Assets/SPUM/SPUM_Sprites/Packages/Ver121/6_Weapons/AxeSmall1.png
  artifactKey: Guid(b8a87b07b40dd90488025a3ddc29f46f) Importer(815301076,1909f56bfc062723c751e8b465ee728b)
Start importing Assets/SPUM/SPUM_Sprites/Packages/Ver121/6_Weapons/AxeSmall1.png using Guid(b8a87b07b40dd90488025a3ddc29f46f) Importer(815301076,1909f56bfc062723c751e8b465ee728b)  -> (artifact id: 'cf37e9adcd08f807df44ac1f1d159743') in 0.014337 seconds 
Editor requested this worker to shutdown with reason: Scaling down because of idle timeout
AssetImportWorker is now disconnected from the server
Process exiting
Exiting without the bug reporter. Application will terminate with return code 0